<?xml version="1.0" encoding="UTF-8"?>
<!-- Generated by org.testng.reporters.JUnitReportReporter -->
<testsuite hostname="DESKTOP-68UNFF8" failures="0" tests="4" name="AutomationFrameworkDesign.Tests.FirstE2ETest2" time="62.205" errors="0" timestamp="2024-05-23T23:37:32 IST" skipped="0">
  <testcase classname="AutomationFrameworkDesign.Tests.FirstE2ETest2" name="orderHistory" time="7.681"/>
  <testcase classname="AutomationFrameworkDesign.Tests.FirstE2ETest2" name="E2ETest" time="29.610"/>
  <testcase classname="AutomationFrameworkDesign.Tests.FirstE2ETest2" name="E2ETest" time="19.823"/>
  <testcase classname="AutomationFrameworkDesign.Tests.FirstE2ETest2" name="orderHistory" time="5.091"/>
</testsuite> <!-- AutomationFrameworkDesign.Tests.FirstE2ETest2 -->
