<?xml version="1.0" encoding="UTF-8"?>
<!-- Generated by org.testng.reporters.JUnitReportReporter -->
<testsuite hostname="DESKTOP-68UNFF8" failures="0" tests="1" name="AutomationTesting.TestComponents.ExtentReportsInitialDemo" time="5.062" errors="0" timestamp="2024-04-28T11:28:14 IST" skipped="0">
  <testcase classname="AutomationTesting.TestComponents.ExtentReportsInitialDemo" name="demo" time="5.062"/>
</testsuite> <!-- AutomationTesting.TestComponents.ExtentReportsInitialDemo -->
