<?xml version="1.0" encoding="UTF-8"?>
<!-- Generated by org.testng.reporters.JUnitReportReporter -->
<testsuite hostname="DESKTOP-68UNFF8" failures="0" tests="1" name="cucumberTestNG.TestNGTestrunner" time="6.002" errors="0" timestamp="2024-06-05T01:47:43 IST" skipped="0">
  <testcase classname="cucumberTestNG.TestNGTestrunner" name="runScenario" time="6.002"/>
</testsuite> <!-- cucumberTestNG.TestNGTestrunner -->
