<?xml version="1.0" encoding="UTF-8"?>
<!-- Generated by org.testng.reporters.JUnitReportReporter -->
<testsuite hostname="DESKTOP-68UNFF8" failures="0" tests="2" name="AutomationFrameworkDesign.Tests.ErrorValidations" time="44.531" errors="0" timestamp="2024-06-08T13:41:06 IST" skipped="0">
  <testcase classname="AutomationFrameworkDesign.Tests.ErrorValidations" name="loginErrorValidation" time="9.512"/>
  <testcase classname="AutomationFrameworkDesign.Tests.ErrorValidations" name="productErrorValidation" time="35.019"/>
</testsuite> <!-- AutomationFrameworkDesign.Tests.ErrorValidations -->
