<?xml version="1.0" encoding="UTF-8"?>
<!-- Generated by org.testng.reporters.JUnitReportReporter -->
<testsuite hostname="DESKTOP-68UNFF8" failures="0" tests="4" name="AutomationFrameworkDesign.Tests.FirstE2ETest2" time="98.617" errors="0" timestamp="2024-06-08T13:41:06 IST" skipped="0">
  <testcase classname="AutomationFrameworkDesign.Tests.FirstE2ETest2" name="E2ETest" time="24.306"/>
  <testcase classname="AutomationFrameworkDesign.Tests.FirstE2ETest2" name="orderHistory" time="8.180"/>
  <testcase classname="AutomationFrameworkDesign.Tests.FirstE2ETest2" name="E2ETest" time="22.197"/>
  <testcase classname="AutomationFrameworkDesign.Tests.FirstE2ETest2" name="orderHistory" time="43.934"/>
</testsuite> <!-- AutomationFrameworkDesign.Tests.FirstE2ETest2 -->
