<?xml version="1.0" encoding="UTF-8"?>
<!-- Generated by org.testng.reporters.JUnitReportReporter -->
<testsuite hostname="DESKTOP-68UNFF8" failures="0" tests="4" name="AutomationFrameworkDesign.Tests.FirstE2ETest2" time="71.834" errors="0" timestamp="2024-06-08T08:38:03 IST" skipped="0">
  <testcase classname="AutomationFrameworkDesign.Tests.FirstE2ETest2" name="E2ETest" time="15.896"/>
  <testcase classname="AutomationFrameworkDesign.Tests.FirstE2ETest2" name="orderHistory" time="7.630"/>
  <testcase classname="AutomationFrameworkDesign.Tests.FirstE2ETest2" name="E2ETest" time="20.534"/>
  <testcase classname="AutomationFrameworkDesign.Tests.FirstE2ETest2" name="orderHistory" time="27.774"/>
</testsuite> <!-- AutomationFrameworkDesign.Tests.FirstE2ETest2 -->
