<?xml version="1.0" encoding="UTF-8"?>
<!-- Generated by org.testng.reporters.JUnitReportReporter -->
<testsuite hostname="DESKTOP-68UNFF8" failures="0" tests="2" name="AutomationFrameworkDesign.Tests.ErrorValidations" time="38.780" errors="0" timestamp="2024-06-08T08:38:03 IST" skipped="0">
  <testcase classname="AutomationFrameworkDesign.Tests.ErrorValidations" name="loginErrorValidation" time="7.947"/>
  <testcase classname="AutomationFrameworkDesign.Tests.ErrorValidations" name="productErrorValidation" time="30.833"/>
</testsuite> <!-- AutomationFrameworkDesign.Tests.ErrorValidations -->
